  Armor.cpp
  Consumable.cpp
  Equipement.cpp
  Inventory.cpp
C:\Users\fury8\OneDrive\Documents\GitHub\InventoryRPG\Inventory.cpp(15,26): warning C4838: la conversion de 'int' en 'float' requiert une conversion restrictive
C:\Users\fury8\OneDrive\Documents\GitHub\InventoryRPG\Inventory.cpp(15,26): warning C4244: 'initialisation' : conversion de 'int' en 'float', perte possible de données
C:\Users\fury8\OneDrive\Documents\GitHub\InventoryRPG\Inventory.cpp(15,41): warning C4838: la conversion de 'int' en 'float' requiert une conversion restrictive
C:\Users\fury8\OneDrive\Documents\GitHub\InventoryRPG\Inventory.cpp(15,41): warning C4244: 'initialisation' : conversion de 'int' en 'float', perte possible de données
C:\Users\fury8\OneDrive\Documents\GitHub\InventoryRPG\Inventory.cpp(37,26): warning C4838: la conversion de 'int' en 'float' requiert une conversion restrictive
C:\Users\fury8\OneDrive\Documents\GitHub\InventoryRPG\Inventory.cpp(37,26): warning C4244: 'initialisation' : conversion de 'int' en 'float', perte possible de données
C:\Users\fury8\OneDrive\Documents\GitHub\InventoryRPG\Inventory.cpp(37,41): warning C4838: la conversion de 'int' en 'float' requiert une conversion restrictive
C:\Users\fury8\OneDrive\Documents\GitHub\InventoryRPG\Inventory.cpp(37,41): warning C4244: 'initialisation' : conversion de 'int' en 'float', perte possible de données
  Item.cpp
  Magic.cpp
  main.cpp
  Physical.cpp
  Staff.cpp
  Weapon.cpp
C:\Users\fury8\OneDrive\Documents\GitHub\InventoryRPG\Weapon.cpp(48,26): warning C4838: la conversion de 'int' en 'float' requiert une conversion restrictive
C:\Users\fury8\OneDrive\Documents\GitHub\InventoryRPG\Weapon.cpp(48,26): warning C4244: 'initialisation' : conversion de 'int' en 'float', perte possible de données
C:\Users\fury8\OneDrive\Documents\GitHub\InventoryRPG\Weapon.cpp(48,41): warning C4838: la conversion de 'int' en 'float' requiert une conversion restrictive
C:\Users\fury8\OneDrive\Documents\GitHub\InventoryRPG\Weapon.cpp(48,41): warning C4244: 'initialisation' : conversion de 'int' en 'float', perte possible de données
  Génération de code en cours...
  Raylib Starter Project.vcxproj -> C:\Users\fury8\OneDrive\Documents\GitHub\InventoryRPG\x64\Debug\Raylib Starter Project.exe
